


ARM Macro Assembler    Page 1 


    1 00000000         ; LCD.s
    2 00000000         ; Student names: change this to your names or look very 
                       silly
    3 00000000         ; Last modification date: change this to the last modifi
                       cation date or look very silly
    4 00000000         
    5 00000000         ; Runs on LM4F120/TM4C123
    6 00000000         ; Use SSI0 to send an 8-bit code to the ST7735 160x128 p
                       ixel LCD.
    7 00000000         
    8 00000000         ; As part of Lab 7, students need to implement these LCD
                       _WriteCommand and LCD_WriteData
    9 00000000         ; This driver assumes two low-level LCD functions
   10 00000000         
   11 00000000         ; Backlight (pin 10) connected to +3.3 V
   12 00000000         ; MISO (pin 9) unconnected
   13 00000000         ; SCK (pin 8) connected to PA2 (SSI0Clk)
   14 00000000         ; MOSI (pin 7) connected to PA5 (SSI0Tx)
   15 00000000         ; TFT_CS (pin 6) connected to PA3 (SSI0Fss)
   16 00000000         ; CARD_CS (pin 5) unconnected
   17 00000000         ; Data/Command (pin 4) connected to PA6 (GPIO)
   18 00000000         ; RESET (pin 3) connected to PA7 (GPIO)
   19 00000000         ; VCC (pin 2) connected to +3.3 V
   20 00000000         ; Gnd (pin 1) connected to ground
   21 00000000         
   22 00000000 40004100 
                       DC      EQU              0x40004100
   23 00000000 00000000 
                       DC_COMMAND
                               EQU              0
   24 00000000 00000040 
                       DC_DATA EQU              0x40
   25 00000000 40008008 
                       SSI0_DR_R
                               EQU              0x40008008
   26 00000000 4000800C 
                       SSI0_SR_R
                               EQU              0x4000800C
   27 00000000 00000004 
                       SSI_SR_RNE
                               EQU              0x00000004  ; SSI Receive FIFO 
                                                            Not Empty
   28 00000000 00000010 
                       SSI_SR_BSY
                               EQU              0x00000010  ; SSI Busy Bit
   29 00000000 00000002 
                       SSI_SR_TNF
                               EQU              0x00000002  ; SSI Transmit FIFO
                                                             Not Full
   30 00000000         
   31 00000000                 EXPORT           writecommand
   32 00000000                 EXPORT           writedata
   33 00000000         
   34 00000000                 AREA             |.text|, CODE, READONLY, ALIGN=
2
   35 00000000                 THUMB
   36 00000000                 ALIGN
   37 00000000         
   38 00000000         ; The Data/Command pin must be valid when the eighth bit



ARM Macro Assembler    Page 2 


                        is
   39 00000000         ; sent.  The SSI module has hardware input and output FI
                       FOs
   40 00000000         ; that are 8 locations deep.  Based on the observation t
                       hat
   41 00000000         ; the LCD interface tends to send a few commands and the
                       n a
   42 00000000         ; lot of data, the FIFOs are not used when writing
   43 00000000         ; commands, and they are used when writing data.  This
   44 00000000         ; ensures that the Data/Command pin status matches the b
                       yte
   45 00000000         ; that is actually being transmitted.
   46 00000000         ; The write command operation waits until all data has b
                       een
   47 00000000         ; sent, configures the Data/Command pin for commands, se
                       nds
   48 00000000         ; the command, and then waits for the transmission to
   49 00000000         ; finish.
   50 00000000         ; The write data operation waits until there is room in 
                       the
   51 00000000         ; transmit FIFO, configures the Data/Command pin for dat
                       a,
   52 00000000         ; and then adds the data to the transmit FIFO.
   53 00000000         ; NOTE: These functions will crash or stall indefinitely
                        if
   54 00000000         ; the SSI0 module is not initialized and enabled.
   55 00000000         
   56 00000000         ; This is a helper function that sends an 8-bit command 
                       to the LCD.
   57 00000000         ; Input: R0  8-bit command to transmit
   58 00000000         ; Output: none
   59 00000000         ; Assumes: SSI0 and port A have already been initialized
                        and enabled
   60 00000000         writecommand
   61 00000000         ;; --UUU-- Code to write a command to the LCD
   62 00000000         ;1) Read SSI0_SR_R and check bit 4, 
   63 00000000         ;2) If bit 4 is high, loop back to step 1 (wait for BUSY
                        bit to be low)
   64 00000000         ;3) Clear D/C=PA6 to zero
   65 00000000         ;4) Write the command to SSI0_DR_R
   66 00000000         ;5) Read SSI0_SR_R and check bit 4, 
   67 00000000         ;6) If bit 4 is high, loop back to step 5 (wait for BUSY
                        bit to be low)
   68 00000000 B430            PUSH{R4,R5}
   69 00000002 4C12            LDR              R4, =SSI0_SR_R
   70 00000004 6821    HI      LDR              R1, [R4]
   71 00000006 F021 01EF       BIC              R1, R1, #0xEF ;clears everythin
                                                            g except bit 4
   72 0000000A 2910            CMP              R1, #0x10   ;compares with 0x10
                                                            
   73 0000000C D0FA            BEQ              HI          ;loop back if r1 is
                                                             0x10
   74 0000000E 4B10            LDR              R3, =DC
   75 00000010 681D            LDR              R5, [R3]
   76 00000012 F025 0540       BIC              R5, R5, #0x40 ;step 3
   77 00000016 601D            STR              R5, [R3]
   78 00000018 4B0E            LDR              R3, =SSI0_DR_R
   79 0000001A 6018            STR              R0, [R3]
   80 0000001C 6821    HI2     LDR              R1, [R4]



ARM Macro Assembler    Page 3 


   81 0000001E F021 01EF       BIC              R1, R1, #0xEF ;clears everythin
                                                            g except bit 4
   82 00000022 2910            CMP              R1, #0x10   ;compares with 0x10
                                                            
   83 00000024 D0FA            BEQ              HI2
   84 00000026 BC30            POP{R4,R5}
   85 00000028 4770            BX               LR          ;   return
   86 0000002A         
   87 0000002A         ; This is a helper function that sends an 8-bit data to 
                       the LCD.
   88 0000002A         ; Input: R0  8-bit data to transmit
   89 0000002A         ; Output: none
   90 0000002A         ; Assumes: SSI0 and port A have already been initialized
                        and enabled
   91 0000002A         writedata
   92 0000002A         ;; --UUU-- Code to write data to the LCD
   93 0000002A         ;1) Read SSI0_SR_R and check bit 1, 
   94 0000002A         ;2) If bit 1 is low loop back to step 1 (wait for TNF bi
                       t to be high)
   95 0000002A         ;3) Set D/C=PA6 to one
   96 0000002A         ;4) Write the 8-bit data to SSI0_DR_R
   97 0000002A B430            PUSH{R4,R5}
   98 0000002C 4C07            LDR              R4, =SSI0_SR_R 
                                                            ; reads SSI0_SR_R
   99 0000002E 4B08            LDR              R3, =DC
  100 00000030 6821    LOW     LDR              R1, [R4]    ; step 2
  101 00000032 F001 0101       AND              R1, #0x01
  102 00000036 2900            CMP              R1, #0x00
  103 00000038 D0FA            BEQ              LOW
  104 0000003A 681D            LDR              R5, [R3]
  105 0000003C F045 0540       ORR              R5, R5, #0x40 ; step 3  
  106 00000040 601D            STR              R5, [R3]
  107 00000042 4B04            LDR              R3, =SSI0_DR_R
  108 00000044 6018            STR              R0,[R3]
  109 00000046 BC30            POP{R4,R5}
  110 00000048 4770            BX               LR          ; return
  111 0000004A         
  112 0000004A         
  113 0000004A         ;***************************************************
  114 0000004A         ; This is a library for the Adafruit 1.8" SPI display.
  115 0000004A         ; This library works with the Adafruit 1.8" TFT Breakout
                        w/SD card
  116 0000004A         ; ----> http://www.adafruit.com/products/358
  117 0000004A         ; as well as Adafruit raw 1.8" TFT display
  118 0000004A         ; ----> http://www.adafruit.com/products/618
  119 0000004A         ;
  120 0000004A         ; Check out the links above for our tutorials and wiring
                        diagrams
  121 0000004A         ; These displays use SPI to communicate, 4 or 5 pins are
                        required to
  122 0000004A         ; interface (RST is optional)
  123 0000004A         ; Adafruit invests time and resources providing this ope
                       n source code,
  124 0000004A         ; please support Adafruit and open-source hardware by pu
                       rchasing
  125 0000004A         ; products from Adafruit!
  126 0000004A         ;
  127 0000004A         ; Written by Limor Fried/Ladyada for Adafruit Industries
                       .



ARM Macro Assembler    Page 4 


  128 0000004A         ; MIT license, all text above must be included in any re
                       distribution
  129 0000004A         ;****************************************************
  130 0000004A         
  131 0000004A 00 00           ALIGN                        ; make sure the end
                                                             of this section is
                                                             aligned
  132 0000004C                 END                          ; end of file
              4000800C 
              40004100 
              40008008 
Command Line: --debug --xref --cpu=Cortex-M4 --apcs=interwork --depend=.\lcd.d 
-o.\lcd.o -IC:\Keil\ARM\RV31\INC -IC:\Keil\ARM\CMSIS\Include -IC:\Keil\ARM\Inc\
Luminary --list=.\lcd.lst LCD.s



ARM Macro Assembler    Page 1 Alphabetic symbol ordering
Relocatable symbols

.text 00000000

Symbol: .text
   Definitions
      At line 34 in file LCD.s
   Uses
      None
Comment: .text unused
HI 00000004

Symbol: HI
   Definitions
      At line 70 in file LCD.s
   Uses
      At line 73 in file LCD.s
Comment: HI used once
HI2 0000001C

Symbol: HI2
   Definitions
      At line 80 in file LCD.s
   Uses
      At line 83 in file LCD.s
Comment: HI2 used once
LOW 00000030

Symbol: LOW
   Definitions
      At line 100 in file LCD.s
   Uses
      At line 103 in file LCD.s
Comment: LOW used once
writecommand 00000000

Symbol: writecommand
   Definitions
      At line 60 in file LCD.s
   Uses
      At line 31 in file LCD.s
Comment: writecommand used once
writedata 0000002A

Symbol: writedata
   Definitions
      At line 91 in file LCD.s
   Uses
      At line 32 in file LCD.s
Comment: writedata used once
6 symbols



ARM Macro Assembler    Page 1 Alphabetic symbol ordering
Absolute symbols

DC 40004100

Symbol: DC
   Definitions
      At line 22 in file LCD.s
   Uses
      At line 74 in file LCD.s
      At line 99 in file LCD.s

DC_COMMAND 00000000

Symbol: DC_COMMAND
   Definitions
      At line 23 in file LCD.s
   Uses
      None
Comment: DC_COMMAND unused
DC_DATA 00000040

Symbol: DC_DATA
   Definitions
      At line 24 in file LCD.s
   Uses
      None
Comment: DC_DATA unused
SSI0_DR_R 40008008

Symbol: SSI0_DR_R
   Definitions
      At line 25 in file LCD.s
   Uses
      At line 78 in file LCD.s
      At line 107 in file LCD.s

SSI0_SR_R 4000800C

Symbol: SSI0_SR_R
   Definitions
      At line 26 in file LCD.s
   Uses
      At line 69 in file LCD.s
      At line 98 in file LCD.s

SSI_SR_BSY 00000010

Symbol: SSI_SR_BSY
   Definitions
      At line 28 in file LCD.s
   Uses
      None
Comment: SSI_SR_BSY unused
SSI_SR_RNE 00000004

Symbol: SSI_SR_RNE
   Definitions
      At line 27 in file LCD.s
   Uses
      None
Comment: SSI_SR_RNE unused



ARM Macro Assembler    Page 2 Alphabetic symbol ordering
Absolute symbols

SSI_SR_TNF 00000002

Symbol: SSI_SR_TNF
   Definitions
      At line 29 in file LCD.s
   Uses
      None
Comment: SSI_SR_TNF unused
8 symbols
346 symbols in table
